{"level":"info","message":"Processador de mensagens em massa iniciado","timestamp":"2025-03-16T14:40:32.237Z"}
{"level":"info","message":"Serviços inicializados com sucesso!","timestamp":"2025-03-16T14:40:32.239Z"}
{"level":"info","message":"Servidor iniciado na porta 3030","timestamp":"2025-03-16T14:40:32.351Z"}
{"level":"info","message":"QR Code gerado! Escaneie-o com o WhatsApp do seu telefone.","timestamp":"2025-03-16T14:40:41.317Z"}
{"level":"info","message":"Autenticado com sucesso!","timestamp":"2025-03-16T14:41:06.785Z"}
{"level":"info","message":"Bot está conectado e pronto para uso!","timestamp":"2025-03-16T14:41:07.224Z"}
{"level":"info","message":"Processador de mensagens em massa iniciado","timestamp":"2025-03-16T14:53:26.697Z"}
{"level":"info","message":"Serviços inicializados com sucesso!","timestamp":"2025-03-16T14:53:26.699Z"}
{"level":"info","message":"Servidor iniciado na porta 3030","timestamp":"2025-03-16T14:53:26.715Z"}
{"level":"error","message":"Erro ao obter contatos: Evaluation failed: TypeError: Cannot read properties of undefined (reading 'getContacts')\n    at pptr://__puppeteer_evaluation_script__:2:34","stack":"Error: Evaluation failed: TypeError: Cannot read properties of undefined (reading 'getContacts')\n    at pptr://__puppeteer_evaluation_script__:2:34\n    at ExecutionContext._ExecutionContext_evaluate (C:\\Users\\Mathaus Carvalho\\Documents\\Projetos\\MySender\\node_modules\\puppeteer-core\\lib\\cjs\\puppeteer\\common\\ExecutionContext.js:229:15)\n    at process.processTicksAndRejections (node:internal/process/task_queues:95:5)\n    at async ExecutionContext.evaluate (C:\\Users\\Mathaus Carvalho\\Documents\\Projetos\\MySender\\node_modules\\puppeteer-core\\lib\\cjs\\puppeteer\\common\\ExecutionContext.js:107:16)\n    at async Client.getContacts (C:\\Users\\Mathaus Carvalho\\Documents\\Projetos\\MySender\\node_modules\\whatsapp-web.js\\src\\Client.js:1014:24)\n    at async Object.getAllContacts (C:\\Users\\Mathaus Carvalho\\Documents\\Projetos\\MySender\\src\\contactService.js:11:24)\n    at async C:\\Users\\Mathaus Carvalho\\Documents\\Projetos\\MySender\\server.js:61:22","timestamp":"2025-03-16T14:53:32.757Z"}
{"level":"error","message":"Erro ao buscar contatos: Evaluation failed: TypeError: Cannot read properties of undefined (reading 'getContacts')\n    at pptr://__puppeteer_evaluation_script__:2:34","stack":"Error: Evaluation failed: TypeError: Cannot read properties of undefined (reading 'getContacts')\n    at pptr://__puppeteer_evaluation_script__:2:34\n    at ExecutionContext._ExecutionContext_evaluate (C:\\Users\\Mathaus Carvalho\\Documents\\Projetos\\MySender\\node_modules\\puppeteer-core\\lib\\cjs\\puppeteer\\common\\ExecutionContext.js:229:15)\n    at process.processTicksAndRejections (node:internal/process/task_queues:95:5)\n    at async ExecutionContext.evaluate (C:\\Users\\Mathaus Carvalho\\Documents\\Projetos\\MySender\\node_modules\\puppeteer-core\\lib\\cjs\\puppeteer\\common\\ExecutionContext.js:107:16)\n    at async Client.getContacts (C:\\Users\\Mathaus Carvalho\\Documents\\Projetos\\MySender\\node_modules\\whatsapp-web.js\\src\\Client.js:1014:24)\n    at async Object.getAllContacts (C:\\Users\\Mathaus Carvalho\\Documents\\Projetos\\MySender\\src\\contactService.js:11:24)\n    at async C:\\Users\\Mathaus Carvalho\\Documents\\Projetos\\MySender\\server.js:61:22","timestamp":"2025-03-16T14:53:32.758Z"}
{"level":"info","message":"Autenticado com sucesso!","timestamp":"2025-03-16T14:53:34.845Z"}
{"level":"info","message":"Bot está conectado e pronto para uso!","timestamp":"2025-03-16T14:53:35.392Z"}
{"level":"info","message":"Obtidos 1562 contatos válidos","timestamp":"2025-03-16T14:54:03.707Z"}
{"level":"info","message":"Processador de mensagens em massa iniciado","timestamp":"2025-03-16T14:59:57.908Z"}
{"level":"info","message":"Serviços inicializados com sucesso!","timestamp":"2025-03-16T14:59:57.910Z"}
{"level":"info","message":"Servidor iniciado na porta 3030","timestamp":"2025-03-16T14:59:57.927Z"}
{"level":"info","message":"Autenticado com sucesso!","timestamp":"2025-03-16T15:00:03.456Z"}
{"level":"info","message":"Bot está conectado e pronto para uso!","timestamp":"2025-03-16T15:00:03.573Z"}
{"level":"info","message":"Obtidos 1562 contatos válidos","timestamp":"2025-03-16T15:00:34.531Z"}
{"level":"info","message":"Obtidos 1562 contatos válidos","timestamp":"2025-03-16T15:05:19.297Z"}
{"level":"info","message":"Processador de mensagens em massa iniciado","timestamp":"2025-03-16T15:08:37.080Z"}
{"level":"info","message":"Serviços inicializados com sucesso!","timestamp":"2025-03-16T15:08:37.082Z"}
{"level":"info","message":"Servidor iniciado na porta 3030","timestamp":"2025-03-16T15:08:37.098Z"}
{"level":"info","message":"Autenticado com sucesso!","timestamp":"2025-03-16T15:08:42.876Z"}
{"level":"info","message":"Bot está conectado e pronto para uso!","timestamp":"2025-03-16T15:08:42.958Z"}
{"level":"info","message":"Obtidos 1562 contatos válidos","timestamp":"2025-03-16T15:08:44.372Z"}
{"level":"info","message":"Iniciando envio em massa para 1 contatos","timestamp":"2025-03-16T15:09:07.060Z"}
{"level":"info","message":"Broadcast 1742137747062 enfileirado com sucesso. Total: 1 mensagens.","timestamp":"2025-03-16T15:09:07.066Z"}
{"level":"info","message":"[Broadcast 1742137747062] Mensagem enviada para 558897860504@c.us (1/1)","timestamp":"2025-03-16T15:09:07.087Z"}
{"level":"info","message":"Processador de mensagens em massa iniciado","timestamp":"2025-03-16T15:14:11.604Z"}
{"level":"info","message":"Serviços inicializados com sucesso!","timestamp":"2025-03-16T15:14:11.606Z"}
{"level":"info","message":"Servidor iniciado na porta 3030","timestamp":"2025-03-16T15:14:11.622Z"}
{"level":"info","message":"Autenticado com sucesso!","timestamp":"2025-03-16T15:14:17.089Z"}
{"level":"info","message":"Bot está conectado e pronto para uso!","timestamp":"2025-03-16T15:14:17.682Z"}
{"level":"info","message":"Obtidos 1562 contatos válidos","timestamp":"2025-03-16T15:14:30.650Z"}
{"level":"info","message":"Processador de mensagens em massa iniciado","timestamp":"2025-03-16T15:18:16.783Z"}
{"level":"info","message":"Serviços inicializados com sucesso!","timestamp":"2025-03-16T15:18:16.785Z"}
{"level":"info","message":"Servidor iniciado na porta 3030","timestamp":"2025-03-16T15:18:16.802Z"}
{"level":"info","message":"Autenticado com sucesso!","timestamp":"2025-03-16T15:18:22.486Z"}
{"level":"info","message":"Bot está conectado e pronto para uso!","timestamp":"2025-03-16T15:18:22.623Z"}
{"level":"info","message":"Obtidos 1562 contatos válidos","timestamp":"2025-03-16T15:18:23.387Z"}
{"level":"info","message":"Processador de mensagens em massa iniciado","timestamp":"2025-03-16T15:21:44.434Z"}
{"level":"info","message":"Serviços inicializados com sucesso!","timestamp":"2025-03-16T15:21:44.436Z"}
{"level":"info","message":"Servidor iniciado na porta 3030","timestamp":"2025-03-16T15:21:44.453Z"}
{"level":"info","message":"Autenticado com sucesso!","timestamp":"2025-03-16T15:21:50.052Z"}
{"level":"info","message":"Bot está conectado e pronto para uso!","timestamp":"2025-03-16T15:21:50.177Z"}
{"level":"info","message":"Obtidos 1562 contatos válidos","timestamp":"2025-03-16T15:21:50.783Z"}
{"level":"info","message":"Processador de mensagens em massa iniciado","timestamp":"2025-03-16T15:27:56.243Z"}
{"level":"info","message":"Serviços inicializados com sucesso!","timestamp":"2025-03-16T15:27:56.246Z"}
{"level":"info","message":"Servidor iniciado na porta 3030","timestamp":"2025-03-16T15:27:56.263Z"}
{"level":"info","message":"Autenticado com sucesso!","timestamp":"2025-03-16T15:28:02.286Z"}
{"level":"info","message":"Bot está conectado e pronto para uso!","timestamp":"2025-03-16T15:28:02.400Z"}
{"level":"info","message":"Obtidos 1562 contatos válidos","timestamp":"2025-03-16T15:28:10.337Z"}
{"level":"info","message":"Processador de mensagens em massa iniciado","timestamp":"2025-03-16T15:29:10.237Z"}
{"level":"info","message":"Serviços inicializados com sucesso!","timestamp":"2025-03-16T15:29:10.239Z"}
{"level":"info","message":"Servidor iniciado na porta 3030","timestamp":"2025-03-16T15:29:10.256Z"}
{"level":"info","message":"Autenticado com sucesso!","timestamp":"2025-03-16T15:29:15.918Z"}
{"level":"info","message":"Bot está conectado e pronto para uso!","timestamp":"2025-03-16T15:29:16.017Z"}
{"level":"info","message":"Obtidos 1562 contatos válidos","timestamp":"2025-03-16T15:29:17.562Z"}
{"level":"info","message":"Processador de mensagens em massa iniciado","timestamp":"2025-03-16T15:34:35.736Z"}
{"level":"info","message":"Serviços inicializados com sucesso!","timestamp":"2025-03-16T15:34:35.740Z"}
{"level":"info","message":"Servidor iniciado na porta 3030","timestamp":"2025-03-16T15:34:35.762Z"}
{"level":"info","message":"Autenticado com sucesso!","timestamp":"2025-03-16T15:34:41.607Z"}
{"level":"info","message":"Bot está conectado e pronto para uso!","timestamp":"2025-03-16T15:34:41.696Z"}
{"level":"info","message":"Obtidos 1562 contatos válidos","timestamp":"2025-03-16T15:34:42.626Z"}
{"level":"info","message":"Iniciando envio em massa de mídia para 1 contatos","timestamp":"2025-03-16T15:35:27.379Z"}
{"level":"info","message":"Broadcast de mídia 1742139327381 enfileirado com sucesso. Total: 1 mensagens.","timestamp":"2025-03-16T15:35:27.400Z"}
{"level":"info","message":"[Broadcast 1742139327381] Mídia enviada para 558897860504@c.us (1/1)","timestamp":"2025-03-16T15:35:29.008Z"}
{"level":"info","message":"Processador de mensagens em massa iniciado","timestamp":"2025-03-16T15:36:06.711Z"}
{"level":"info","message":"Serviços inicializados com sucesso!","timestamp":"2025-03-16T15:36:06.713Z"}
{"level":"info","message":"Servidor iniciado na porta 3030","timestamp":"2025-03-16T15:36:06.729Z"}
{"level":"info","message":"Autenticado com sucesso!","timestamp":"2025-03-16T15:36:12.233Z"}
{"level":"info","message":"Bot está conectado e pronto para uso!","timestamp":"2025-03-16T15:36:12.317Z"}
{"level":"info","message":"Processador de mensagens em massa iniciado","timestamp":"2025-03-20T23:51:16.334Z"}
{"level":"info","message":"Serviços inicializados com sucesso!","timestamp":"2025-03-20T23:51:16.336Z"}
{"level":"info","message":"Servidor iniciado na porta 3030","timestamp":"2025-03-20T23:51:16.396Z"}
{"level":"info","message":"QR Code gerado! Escaneie-o com o WhatsApp do seu telefone.","timestamp":"2025-03-20T23:51:22.500Z"}
{"level":"warn","message":"Timeout ao aguardar cliente WhatsApp (10000ms)","timestamp":"2025-03-20T23:51:31.231Z"}
{"level":"warn","message":"Timeout ao aguardar cliente WhatsApp (10000ms)","timestamp":"2025-03-20T23:51:46.812Z"}
{"level":"warn","message":"Timeout ao aguardar cliente WhatsApp (10000ms)","timestamp":"2025-03-20T23:52:02.822Z"}
{"level":"warn","message":"Timeout ao aguardar cliente WhatsApp (10000ms)","timestamp":"2025-03-20T23:52:18.816Z"}
{"level":"info","message":"QR Code gerado! Escaneie-o com o WhatsApp do seu telefone.","timestamp":"2025-03-20T23:52:22.394Z"}
{"level":"warn","message":"Timeout ao aguardar cliente WhatsApp (10000ms)","timestamp":"2025-03-20T23:52:34.827Z"}
{"level":"info","message":"QR Code gerado! Escaneie-o com o WhatsApp do seu telefone.","timestamp":"2025-03-20T23:52:42.377Z"}
{"level":"warn","message":"Timeout ao aguardar cliente WhatsApp (10000ms)","timestamp":"2025-03-20T23:52:50.787Z"}
{"level":"info","message":"QR Code gerado! Escaneie-o com o WhatsApp do seu telefone.","timestamp":"2025-03-20T23:53:02.392Z"}
{"level":"warn","message":"Timeout ao aguardar cliente WhatsApp (10000ms)","timestamp":"2025-03-20T23:53:06.816Z"}
{"level":"info","message":"Processador de mensagens em massa iniciado","timestamp":"2025-03-21T00:12:33.587Z"}
{"level":"info","message":"Serviços inicializados com sucesso!","timestamp":"2025-03-21T00:12:33.590Z"}
{"level":"info","message":"Servidor iniciado na porta 3030","timestamp":"2025-03-21T00:12:33.656Z"}
{"level":"info","message":"QR Code gerado! Escaneie-o com o WhatsApp do seu telefone.","timestamp":"2025-03-21T00:12:42.424Z"}
{"level":"info","message":"Processador de mensagens em massa iniciado","timestamp":"2025-03-21T00:13:48.463Z"}
{"level":"info","message":"Serviços inicializados com sucesso!","timestamp":"2025-03-21T00:13:48.465Z"}
{"level":"info","message":"Servidor iniciado na porta 3030","timestamp":"2025-03-21T00:13:48.483Z"}
{"level":"info","message":"QR Code gerado! Escaneie-o com o WhatsApp do seu telefone.","timestamp":"2025-03-21T00:13:52.567Z"}
{"level":"info","message":"Processador de mensagens em massa iniciado","timestamp":"2025-03-21T00:14:31.606Z"}
{"level":"info","message":"Serviços inicializados com sucesso!","timestamp":"2025-03-21T00:14:31.608Z"}
{"level":"info","message":"Servidor iniciado na porta 3030","timestamp":"2025-03-21T00:14:31.627Z"}
{"level":"info","message":"QR Code gerado! Escaneie-o com o WhatsApp do seu telefone.","timestamp":"2025-03-21T00:14:36.072Z"}
{"level":"info","message":"QR Code gerado! Escaneie-o com o WhatsApp do seu telefone.","timestamp":"2025-03-21T00:15:35.980Z"}
{"level":"info","message":"QR Code gerado! Escaneie-o com o WhatsApp do seu telefone.","timestamp":"2025-03-21T00:15:55.944Z"}
{"level":"info","message":"Processador de mensagens em massa iniciado","timestamp":"2025-03-21T00:21:53.016Z"}
{"level":"info","message":"Serviços inicializados com sucesso!","timestamp":"2025-03-21T00:21:53.018Z"}
{"level":"info","message":"Servidor iniciado na porta 3030","timestamp":"2025-03-21T00:21:53.036Z"}
{"level":"info","message":"QR Code gerado! Escaneie-o com o WhatsApp do seu telefone.","timestamp":"2025-03-21T00:21:59.120Z"}
{"level":"warn","message":"Timeout ao aguardar cliente WhatsApp (10000ms)","timestamp":"2025-03-21T00:22:13.398Z"}
{"level":"info","message":"Autenticado com sucesso!","timestamp":"2025-03-21T00:22:26.445Z"}
{"level":"info","message":"Bot está conectado e pronto para uso!","timestamp":"2025-03-21T00:22:26.509Z"}
{"level":"info","message":"Obtidos 1 contatos válidos","timestamp":"2025-03-21T00:22:27.467Z"}
{"level":"info","message":"Iniciando envio em massa para 1 contatos","timestamp":"2025-03-21T00:22:43.254Z"}
{"level":"info","message":"Broadcast 1742516563254 enfileirado com sucesso. Total: 1 mensagens.","timestamp":"2025-03-21T00:22:43.258Z"}
{"level":"info","message":"[Broadcast 1742516563254] Mensagem enviada para 558597233264@c.us (1/1)","timestamp":"2025-03-21T00:22:43.268Z"}
{"level":"info","message":"Processador de mensagens em massa iniciado","timestamp":"2025-03-21T00:24:46.154Z"}
{"level":"info","message":"Serviços inicializados com sucesso!","timestamp":"2025-03-21T00:24:46.156Z"}
{"level":"info","message":"Servidor iniciado na porta 3030","timestamp":"2025-03-21T00:24:46.172Z"}
{"level":"info","message":"Autenticado com sucesso!","timestamp":"2025-03-21T00:24:50.396Z"}
{"level":"info","message":"Bot está conectado e pronto para uso!","timestamp":"2025-03-21T00:24:50.489Z"}
{"level":"info","message":"Obtidos 2 contatos válidos","timestamp":"2025-03-21T00:24:52.756Z"}
{"level":"info","message":"Processador de mensagens em massa iniciado","timestamp":"2025-03-21T00:27:14.088Z"}
{"level":"info","message":"Serviços inicializados com sucesso!","timestamp":"2025-03-21T00:27:14.091Z"}
{"level":"info","message":"Servidor iniciado na porta 3030","timestamp":"2025-03-21T00:27:14.108Z"}
{"level":"info","message":"Autenticado com sucesso!","timestamp":"2025-03-21T00:27:18.087Z"}
{"level":"info","message":"Bot está conectado e pronto para uso!","timestamp":"2025-03-21T00:27:18.224Z"}
{"level":"info","message":"Obtidos 0 contatos válidos","timestamp":"2025-03-21T00:27:23.910Z"}
{"level":"info","message":"Obtidos 0 contatos válidos","timestamp":"2025-03-21T00:27:30.580Z"}
{"level":"info","message":"Obtidos 0 contatos válidos","timestamp":"2025-03-21T00:27:42.285Z"}
{"level":"info","message":"Processador de mensagens em massa iniciado","timestamp":"2025-03-21T00:29:03.901Z"}
{"level":"info","message":"Serviços inicializados com sucesso!","timestamp":"2025-03-21T00:29:03.904Z"}
{"level":"info","message":"Servidor iniciado na porta 3030","timestamp":"2025-03-21T00:29:03.921Z"}
{"level":"info","message":"Autenticado com sucesso!","timestamp":"2025-03-21T00:29:07.956Z"}
{"level":"info","message":"Bot está conectado e pronto para uso!","timestamp":"2025-03-21T00:29:08.081Z"}
{"level":"info","message":"Obtidos 2 contatos válidos","timestamp":"2025-03-21T00:29:08.809Z"}
{"level":"info","message":"Processador de mensagens em massa iniciado","timestamp":"2025-03-21T00:30:07.555Z"}
{"level":"info","message":"Serviços inicializados com sucesso!","timestamp":"2025-03-21T00:30:07.557Z"}
{"level":"info","message":"Servidor iniciado na porta 3030","timestamp":"2025-03-21T00:30:07.575Z"}
{"level":"info","message":"Autenticado com sucesso!","timestamp":"2025-03-21T00:30:11.573Z"}
{"level":"info","message":"Bot está conectado e pronto para uso!","timestamp":"2025-03-21T00:30:11.670Z"}
{"level":"info","message":"Obtidos 2 contatos válidos","timestamp":"2025-03-21T00:30:14.159Z"}
{"level":"info","message":"Obtidos 2 contatos válidos","timestamp":"2025-03-21T00:30:16.381Z"}
{"level":"info","message":"Obtidos 2 contatos válidos","timestamp":"2025-03-21T00:30:17.237Z"}
{"level":"info","message":"Processador de mensagens em massa iniciado","timestamp":"2025-03-21T00:30:45.046Z"}
{"level":"info","message":"Serviços inicializados com sucesso!","timestamp":"2025-03-21T00:30:45.048Z"}
{"level":"info","message":"Servidor iniciado na porta 3030","timestamp":"2025-03-21T00:30:45.065Z"}
{"level":"info","message":"Autenticado com sucesso!","timestamp":"2025-03-21T00:30:49.062Z"}
{"level":"info","message":"Bot está conectado e pronto para uso!","timestamp":"2025-03-21T00:30:49.159Z"}
{"level":"info","message":"Obtidos 1 contatos válidos","timestamp":"2025-03-21T00:30:49.773Z"}
{"level":"info","message":"Iniciando envio em massa para 1 contatos","timestamp":"2025-03-21T00:31:36.266Z"}
{"level":"info","message":"Broadcast 1742517096267 enfileirado com sucesso. Total: 1 mensagens.","timestamp":"2025-03-21T00:31:36.270Z"}
{"level":"info","message":"[Broadcast 1742517096267] Mensagem enviada para 558597233264@c.us (1/1)","timestamp":"2025-03-21T00:31:36.281Z"}
{"level":"info","message":"Processador de mensagens em massa iniciado","timestamp":"2025-03-21T00:41:59.489Z"}
{"level":"info","message":"Serviços inicializados com sucesso!","timestamp":"2025-03-21T00:41:59.492Z"}
{"level":"info","message":"Servidor iniciado na porta 3030","timestamp":"2025-03-21T00:41:59.510Z"}
{"level":"info","message":"Autenticado com sucesso!","timestamp":"2025-03-21T00:42:06.278Z"}
{"level":"info","message":"Obtidos 1 contatos, 1 grupos e 8 etiquetas","timestamp":"2025-03-21T00:42:06.354Z"}
{"level":"info","message":"Bot está conectado e pronto para uso!","timestamp":"2025-03-21T00:42:06.377Z"}
{"level":"info","message":"Iniciando envio em massa para 1 contatos","timestamp":"2025-03-21T00:42:38.318Z"}
{"level":"info","message":"Broadcast 1742517758319 enfileirado com sucesso. Total: 1 mensagens.","timestamp":"2025-03-21T00:42:38.322Z"}
{"level":"info","message":"[Broadcast 1742517758319] Mensagem enviada para 120363405322541799@g.us (1/1)","timestamp":"2025-03-21T00:42:38.334Z"}
{"level":"info","message":"Processador de mensagens em massa iniciado","timestamp":"2025-03-21T00:44:28.372Z"}
{"level":"info","message":"Serviços inicializados com sucesso!","timestamp":"2025-03-21T00:44:28.374Z"}
{"level":"info","message":"Servidor iniciado na porta 3030","timestamp":"2025-03-21T00:44:28.391Z"}
{"level":"info","message":"Autenticado com sucesso!","timestamp":"2025-03-21T00:44:32.390Z"}
{"level":"info","message":"Bot está conectado e pronto para uso!","timestamp":"2025-03-21T00:44:32.508Z"}
{"level":"info","message":"Obtidos 1 contatos, 1 grupos e 8 etiquetas","timestamp":"2025-03-21T00:44:52.539Z"}
{"level":"info","message":"Processador de mensagens em massa iniciado","timestamp":"2025-03-21T11:33:00.642Z"}
{"level":"info","message":"Serviços inicializados com sucesso!","timestamp":"2025-03-21T11:33:00.645Z"}
{"level":"info","message":"Servidor iniciado na porta 3030","timestamp":"2025-03-21T11:33:00.681Z"}
{"level":"info","message":"Autenticado com sucesso!","timestamp":"2025-03-21T11:33:08.116Z"}
{"level":"info","message":"Bot está conectado e pronto para uso!","timestamp":"2025-03-21T11:33:08.244Z"}
{"level":"info","message":"Obtidos 1 contatos, 1 grupos e 8 etiquetas","timestamp":"2025-03-21T11:33:08.351Z"}
{"level":"info","message":"Processador de mensagens em massa iniciado","timestamp":"2025-03-21T11:37:13.731Z"}
{"level":"info","message":"Serviços inicializados com sucesso!","timestamp":"2025-03-21T11:37:13.733Z"}
{"level":"info","message":"Servidor iniciado na porta 3030","timestamp":"2025-03-21T11:37:13.752Z"}
{"level":"info","message":"Autenticado com sucesso!","timestamp":"2025-03-21T11:37:17.974Z"}
{"level":"info","message":"Bot está conectado e pronto para uso!","timestamp":"2025-03-21T11:37:18.082Z"}
{"level":"info","message":"Obtidos 1 contatos, 1 grupos e 8 etiquetas","timestamp":"2025-03-21T11:37:19.157Z"}
{"level":"info","message":"Processador de mensagens em massa iniciado","timestamp":"2025-03-21T11:51:33.989Z"}
{"level":"info","message":"Serviços inicializados com sucesso!","timestamp":"2025-03-21T11:51:33.992Z"}
{"level":"info","message":"Servidor iniciado na porta 3030","timestamp":"2025-03-21T11:51:34.008Z"}
{"level":"info","message":"QR Code gerado! Escaneie-o com o WhatsApp do seu telefone.","timestamp":"2025-03-21T11:51:40.131Z"}
{"level":"warn","message":"Timeout ao aguardar cliente WhatsApp (10000ms)","timestamp":"2025-03-21T11:51:54.365Z"}
{"level":"warn","message":"Timeout ao aguardar cliente WhatsApp (10000ms)","timestamp":"2025-03-21T11:52:09.472Z"}
{"level":"warn","message":"Timeout ao aguardar cliente WhatsApp (10000ms)","timestamp":"2025-03-21T11:52:24.558Z"}
{"level":"warn","message":"Timeout ao aguardar cliente WhatsApp (10000ms)","timestamp":"2025-03-21T11:52:39.683Z"}
{"level":"info","message":"QR Code gerado! Escaneie-o com o WhatsApp do seu telefone.","timestamp":"2025-03-21T11:52:40.048Z"}
{"level":"warn","message":"Timeout ao aguardar cliente WhatsApp (10000ms)","timestamp":"2025-03-21T11:52:55.739Z"}
{"level":"info","message":"QR Code gerado! Escaneie-o com o WhatsApp do seu telefone.","timestamp":"2025-03-21T11:53:00.009Z"}
{"level":"warn","message":"Timeout ao aguardar cliente WhatsApp (10000ms)","timestamp":"2025-03-21T11:53:10.812Z"}
{"level":"info","message":"QR Code gerado! Escaneie-o com o WhatsApp do seu telefone.","timestamp":"2025-03-21T11:53:20.021Z"}
{"level":"warn","message":"Timeout ao aguardar cliente WhatsApp (10000ms)","timestamp":"2025-03-21T11:53:25.895Z"}
{"level":"info","message":"Autenticado com sucesso!","timestamp":"2025-03-21T11:53:30.520Z"}
{"level":"info","message":"Bot está conectado e pronto para uso!","timestamp":"2025-03-21T11:53:30.611Z"}
{"level":"info","message":"Obtidos 1 contatos, 1 grupos e 0 etiquetas","timestamp":"2025-03-21T11:53:30.906Z"}
{"level":"info","message":"Processador de mensagens em massa iniciado","timestamp":"2025-03-21T11:54:04.456Z"}
{"level":"info","message":"Serviços inicializados com sucesso!","timestamp":"2025-03-21T11:54:04.458Z"}
{"level":"info","message":"Servidor iniciado na porta 3030","timestamp":"2025-03-21T11:54:04.475Z"}
{"level":"info","message":"QR Code gerado! Escaneie-o com o WhatsApp do seu telefone.","timestamp":"2025-03-21T11:54:07.506Z"}
{"level":"warn","message":"Timeout ao aguardar cliente WhatsApp (10000ms)","timestamp":"2025-03-21T11:54:26.711Z"}
{"level":"warn","message":"Timeout ao aguardar cliente WhatsApp (10000ms)","timestamp":"2025-03-21T11:54:42.705Z"}
{"level":"warn","message":"Timeout ao aguardar cliente WhatsApp (10000ms)","timestamp":"2025-03-21T11:54:57.779Z"}
{"level":"info","message":"QR Code gerado! Escaneie-o com o WhatsApp do seu telefone.","timestamp":"2025-03-21T11:55:07.420Z"}
{"level":"warn","message":"Timeout ao aguardar cliente WhatsApp (10000ms)","timestamp":"2025-03-21T11:55:13.736Z"}
{"level":"info","message":"Autenticado com sucesso!","timestamp":"2025-03-21T11:55:28.062Z"}
{"level":"info","message":"Bot está conectado e pronto para uso!","timestamp":"2025-03-21T11:55:28.141Z"}
{"level":"info","message":"Obtidos 1 contatos, 1 grupos e 0 etiquetas","timestamp":"2025-03-21T11:55:28.890Z"}
{"level":"info","message":"Processador de mensagens em massa iniciado","timestamp":"2025-03-21T12:00:39.163Z"}
{"level":"info","message":"Serviços inicializados com sucesso!","timestamp":"2025-03-21T12:00:39.165Z"}
{"level":"info","message":"Servidor iniciado na porta 3030","timestamp":"2025-03-21T12:00:39.184Z"}
{"level":"info","message":"QR Code gerado! Escaneie-o com o WhatsApp do seu telefone.","timestamp":"2025-03-21T12:00:42.667Z"}
{"level":"warn","message":"Timeout ao aguardar cliente WhatsApp (5000ms)","timestamp":"2025-03-21T12:00:51.751Z"}
{"level":"warn","message":"Timeout ao aguardar cliente WhatsApp (5000ms)","timestamp":"2025-03-21T12:01:01.821Z"}
{"level":"warn","message":"Timeout ao aguardar cliente WhatsApp (5000ms)","timestamp":"2025-03-21T12:01:12.656Z"}
{"level":"warn","message":"Timeout ao aguardar cliente WhatsApp (5000ms)","timestamp":"2025-03-21T12:01:23.677Z"}
{"level":"warn","message":"Timeout ao aguardar cliente WhatsApp (5000ms)","timestamp":"2025-03-21T12:01:33.762Z"}
{"level":"info","message":"QR Code gerado! Escaneie-o com o WhatsApp do seu telefone.","timestamp":"2025-03-21T12:01:42.562Z"}
{"level":"warn","message":"Timeout ao aguardar cliente WhatsApp (5000ms)","timestamp":"2025-03-21T12:01:44.666Z"}
{"level":"warn","message":"Timeout ao aguardar cliente WhatsApp (5000ms)","timestamp":"2025-03-21T12:01:54.730Z"}
{"level":"info","message":"QR Code gerado! Escaneie-o com o WhatsApp do seu telefone.","timestamp":"2025-03-21T12:02:02.538Z"}
{"level":"warn","message":"Timeout ao aguardar cliente WhatsApp (5000ms)","timestamp":"2025-03-21T12:02:05.666Z"}
{"level":"warn","message":"Timeout ao aguardar cliente WhatsApp (5000ms)","timestamp":"2025-03-21T12:02:16.663Z"}
{"level":"info","message":"QR Code gerado! Escaneie-o com o WhatsApp do seu telefone.","timestamp":"2025-03-21T12:02:22.550Z"}
{"level":"warn","message":"Timeout ao aguardar cliente WhatsApp (5000ms)","timestamp":"2025-03-21T12:02:27.672Z"}
{"level":"warn","message":"Timeout ao aguardar cliente WhatsApp (5000ms)","timestamp":"2025-03-21T12:02:37.715Z"}
{"level":"info","message":"QR Code gerado! Escaneie-o com o WhatsApp do seu telefone.","timestamp":"2025-03-21T12:02:42.561Z"}
{"level":"warn","message":"Timeout ao aguardar cliente WhatsApp (5000ms)","timestamp":"2025-03-21T12:02:47.758Z"}
{"level":"info","message":"Autenticado com sucesso!","timestamp":"2025-03-21T12:02:53.242Z"}
{"level":"info","message":"Bot está conectado e pronto para uso!","timestamp":"2025-03-21T12:02:53.717Z"}
{"level":"info","message":"Obtidos 792 contatos, 23 grupos e 0 etiquetas","timestamp":"2025-03-21T12:02:53.839Z"}
{"level":"info","message":"Iniciando pré-inicialização do WhatsApp...","timestamp":"2025-03-21T12:15:48.068Z"}
{"level":"info","message":"WhatsApp já foi pré-inicializado, ignorando reinicialização.","timestamp":"2025-03-21T12:15:48.072Z"}
{"level":"info","message":"Processador de mensagens em massa iniciado","timestamp":"2025-03-21T12:15:48.073Z"}
{"level":"info","message":"Serviços inicializados com sucesso!","timestamp":"2025-03-21T12:15:48.074Z"}
{"level":"info","message":"Servidor iniciado na porta 3030","timestamp":"2025-03-21T12:15:48.090Z"}
{"level":"info","message":"QR Code gerado! Escaneie-o com o WhatsApp do seu telefone.","timestamp":"2025-03-21T12:15:53.964Z"}
{"level":"warn","message":"Timeout ao aguardar cliente WhatsApp (5000ms)","timestamp":"2025-03-21T12:16:02.784Z"}
{"level":"warn","message":"Timeout ao aguardar cliente WhatsApp (5000ms)","timestamp":"2025-03-21T12:16:15.944Z"}
{"level":"warn","message":"Timeout ao aguardar cliente WhatsApp (5000ms)","timestamp":"2025-03-21T12:16:29.100Z"}
{"level":"warn","message":"Timeout ao aguardar cliente WhatsApp (5000ms)","timestamp":"2025-03-21T12:16:42.254Z"}
{"level":"info","message":"QR Code gerado! Escaneie-o com o WhatsApp do seu telefone.","timestamp":"2025-03-21T12:16:53.874Z"}
{"level":"warn","message":"Timeout ao aguardar cliente WhatsApp (5000ms)","timestamp":"2025-03-21T12:16:55.413Z"}
{"level":"warn","message":"Timeout ao aguardar cliente WhatsApp (5000ms)","timestamp":"2025-03-21T12:17:08.580Z"}
{"level":"info","message":"WhatsApp loading: 100% - WhatsApp","timestamp":"2025-03-21T12:17:09.027Z"}
{"level":"info","message":"Autenticado com sucesso!","timestamp":"2025-03-21T12:17:17.392Z"}
{"level":"info","message":"Bot está conectado e pronto para uso!","timestamp":"2025-03-21T12:17:17.905Z"}
{"level":"info","message":"Cliente WhatsApp pronto após 4750ms","timestamp":"2025-03-21T12:17:18.369Z"}
{"level":"info","message":"Obtidos 792 contatos, 23 grupos e 0 etiquetas","timestamp":"2025-03-21T12:17:18.584Z"}
{"level":"info","message":"Obtidos 810 contatos, 43 grupos e 0 etiquetas","timestamp":"2025-03-21T12:17:58.664Z"}
{"level":"info","message":"Obtidos 855 contatos, 43 grupos e 0 etiquetas","timestamp":"2025-03-21T12:18:15.962Z"}
{"level":"info","message":"Iniciando pré-inicialização do WhatsApp...","timestamp":"2025-03-21T16:33:59.683Z"}
{"level":"info","message":"WhatsApp já foi pré-inicializado, ignorando reinicialização.","timestamp":"2025-03-21T16:33:59.687Z"}
{"level":"info","message":"Processador de mensagens em massa iniciado","timestamp":"2025-03-21T16:33:59.688Z"}
{"level":"info","message":"Serviços inicializados com sucesso!","timestamp":"2025-03-21T16:33:59.688Z"}
{"level":"info","message":"Servidor iniciado na porta 3030","timestamp":"2025-03-21T16:33:59.712Z"}
{"level":"info","message":"QR Code gerado! Escaneie-o com o WhatsApp do seu telefone.","timestamp":"2025-03-21T16:34:03.334Z"}
{"level":"warn","message":"Timeout ao aguardar cliente WhatsApp (5000ms)","timestamp":"2025-03-21T16:34:16.359Z"}
{"level":"warn","message":"Timeout ao aguardar cliente WhatsApp (5000ms)","timestamp":"2025-03-21T16:34:29.504Z"}
{"level":"warn","message":"Timeout ao aguardar cliente WhatsApp (5000ms)","timestamp":"2025-03-21T16:34:42.664Z"}
{"level":"warn","message":"Timeout ao aguardar cliente WhatsApp (5000ms)","timestamp":"2025-03-21T16:34:55.816Z"}
{"level":"info","message":"QR Code gerado! Escaneie-o com o WhatsApp do seu telefone.","timestamp":"2025-03-21T16:35:03.235Z"}
{"level":"warn","message":"Timeout ao aguardar cliente WhatsApp (5000ms)","timestamp":"2025-03-21T16:35:08.963Z"}
{"level":"info","message":"WhatsApp loading: 100% - WhatsApp","timestamp":"2025-03-21T16:35:10.755Z"}
{"level":"info","message":"Autenticado com sucesso!","timestamp":"2025-03-21T16:35:21.345Z"}
{"level":"info","message":"Bot está conectado e pronto para uso!","timestamp":"2025-03-21T16:35:21.851Z"}
{"level":"warn","message":"Timeout ao aguardar cliente WhatsApp (5000ms)","timestamp":"2025-03-21T16:35:22.111Z"}
{"level":"info","message":"Obtidos 803 contatos, 43 grupos e 0 etiquetas","timestamp":"2025-03-21T16:35:27.531Z"}
{"level":"info","message":"Iniciando pré-inicialização do WhatsApp...","timestamp":"2025-03-21T17:20:12.946Z"}
{"level":"info","message":"WhatsApp já foi pré-inicializado, ignorando reinicialização.","timestamp":"2025-03-21T17:20:12.950Z"}
{"level":"info","message":"Processador de mensagens em massa iniciado","timestamp":"2025-03-21T17:20:12.951Z"}
{"level":"info","message":"Serviços inicializados com sucesso!","timestamp":"2025-03-21T17:20:12.951Z"}
{"level":"info","message":"Servidor iniciado na porta 3030","timestamp":"2025-03-21T17:20:13.005Z"}
{"level":"info","message":"WhatsApp loading: 0% - WhatsApp","timestamp":"2025-03-21T17:20:20.014Z"}
{"level":"info","message":"Autenticado com sucesso!","timestamp":"2025-03-21T17:20:21.376Z"}
{"level":"info","message":"Bot está conectado e pronto para uso!","timestamp":"2025-03-21T17:20:21.455Z"}
{"level":"info","message":"WhatsApp loading: 99% - WhatsApp","timestamp":"2025-03-21T17:20:21.573Z"}
{"level":"warn","message":"Timeout ao aguardar cliente WhatsApp (5000ms)","timestamp":"2025-03-21T17:20:24.214Z"}
{"level":"info","message":"Obtidos 1061 contatos, 43 grupos e 0 etiquetas","timestamp":"2025-03-21T17:20:29.837Z"}
{"level":"info","message":"Cliente WhatsApp desconectado via API","timestamp":"2025-03-21T17:21:42.794Z"}
{"level":"info","message":"Diretório .wwebjs_auth removido","timestamp":"2025-03-21T17:21:42.797Z"}
{"level":"info","message":"Diretório .wwebjs_cache removido","timestamp":"2025-03-21T17:21:42.798Z"}
{"level":"info","message":"Iniciando pré-inicialização do WhatsApp...","timestamp":"2025-03-21T17:21:43.808Z"}
{"level":"error","message":"Erro ao obter contatos: Evaluation failed: TypeError: Cannot read properties of undefined (reading 'getContacts')\n    at pptr://__puppeteer_evaluation_script__:2:34","stack":"Error: Evaluation failed: TypeError: Cannot read properties of undefined (reading 'getContacts')\n    at pptr://__puppeteer_evaluation_script__:2:34\n    at ExecutionContext._ExecutionContext_evaluate (C:\\Users\\Mathaus Carvalho\\Documents\\Projetos\\MySender\\node_modules\\puppeteer-core\\lib\\cjs\\puppeteer\\common\\ExecutionContext.js:229:15)\n    at process.processTicksAndRejections (node:internal/process/task_queues:95:5)\n    at async ExecutionContext.evaluate (C:\\Users\\Mathaus Carvalho\\Documents\\Projetos\\MySender\\node_modules\\puppeteer-core\\lib\\cjs\\puppeteer\\common\\ExecutionContext.js:107:16)\n    at async Client.getContacts (C:\\Users\\Mathaus Carvalho\\Documents\\Projetos\\MySender\\node_modules\\whatsapp-web.js\\src\\Client.js:1014:24)\n    at async Object.getAllContacts (C:\\Users\\Mathaus Carvalho\\Documents\\Projetos\\MySender\\src\\contactService.js:53:24)\n    at async C:\\Users\\Mathaus Carvalho\\Documents\\Projetos\\MySender\\server.js:229:22","timestamp":"2025-03-21T17:21:44.793Z"}
{"level":"error","message":"Erro ao buscar contatos: Evaluation failed: TypeError: Cannot read properties of undefined (reading 'getContacts')\n    at pptr://__puppeteer_evaluation_script__:2:34","stack":"Error: Evaluation failed: TypeError: Cannot read properties of undefined (reading 'getContacts')\n    at pptr://__puppeteer_evaluation_script__:2:34\n    at ExecutionContext._ExecutionContext_evaluate (C:\\Users\\Mathaus Carvalho\\Documents\\Projetos\\MySender\\node_modules\\puppeteer-core\\lib\\cjs\\puppeteer\\common\\ExecutionContext.js:229:15)\n    at process.processTicksAndRejections (node:internal/process/task_queues:95:5)\n    at async ExecutionContext.evaluate (C:\\Users\\Mathaus Carvalho\\Documents\\Projetos\\MySender\\node_modules\\puppeteer-core\\lib\\cjs\\puppeteer\\common\\ExecutionContext.js:107:16)\n    at async Client.getContacts (C:\\Users\\Mathaus Carvalho\\Documents\\Projetos\\MySender\\node_modules\\whatsapp-web.js\\src\\Client.js:1014:24)\n    at async Object.getAllContacts (C:\\Users\\Mathaus Carvalho\\Documents\\Projetos\\MySender\\src\\contactService.js:53:24)\n    at async C:\\Users\\Mathaus Carvalho\\Documents\\Projetos\\MySender\\server.js:229:22","timestamp":"2025-03-21T17:21:44.794Z"}
{"level":"info","message":"QR Code gerado! Escaneie-o com o WhatsApp do seu telefone.","timestamp":"2025-03-21T17:21:46.970Z"}
{"level":"info","message":"Iniciando pré-inicialização do WhatsApp...","timestamp":"2025-03-21T17:22:22.462Z"}
{"level":"info","message":"WhatsApp já foi pré-inicializado, ignorando reinicialização.","timestamp":"2025-03-21T17:22:22.465Z"}
{"level":"info","message":"Processador de mensagens em massa iniciado","timestamp":"2025-03-21T17:22:22.466Z"}
{"level":"info","message":"Serviços inicializados com sucesso!","timestamp":"2025-03-21T17:22:22.467Z"}
{"level":"info","message":"Servidor iniciado na porta 3030","timestamp":"2025-03-21T17:22:22.483Z"}
{"level":"info","message":"QR Code gerado! Escaneie-o com o WhatsApp do seu telefone.","timestamp":"2025-03-21T17:22:25.650Z"}
{"level":"warn","message":"Timeout ao aguardar cliente WhatsApp (5000ms)","timestamp":"2025-03-21T17:22:43.698Z"}
{"level":"warn","message":"Timeout ao aguardar cliente WhatsApp (5000ms)","timestamp":"2025-03-21T17:22:56.857Z"}
{"level":"warn","message":"Timeout ao aguardar cliente WhatsApp (5000ms)","timestamp":"2025-03-21T17:23:10.017Z"}
{"level":"warn","message":"Timeout ao aguardar cliente WhatsApp (5000ms)","timestamp":"2025-03-21T17:23:23.156Z"}
{"level":"info","message":"QR Code gerado! Escaneie-o com o WhatsApp do seu telefone.","timestamp":"2025-03-21T17:23:25.547Z"}
{"level":"warn","message":"Timeout ao aguardar cliente WhatsApp (5000ms)","timestamp":"2025-03-21T17:23:36.322Z"}
{"level":"info","message":"WhatsApp loading: 100% - WhatsApp","timestamp":"2025-03-21T17:23:47.145Z"}
{"level":"warn","message":"Timeout ao aguardar cliente WhatsApp (5000ms)","timestamp":"2025-03-21T17:23:49.482Z"}
{"level":"info","message":"Autenticado com sucesso!","timestamp":"2025-03-21T17:23:59.856Z"}
{"level":"info","message":"Bot está conectado e pronto para uso!","timestamp":"2025-03-21T17:24:00.310Z"}
{"level":"warn","message":"Timeout ao aguardar cliente WhatsApp (5000ms)","timestamp":"2025-03-21T17:24:02.630Z"}
{"level":"info","message":"Obtidos 746 contatos, 114 grupos e 0 etiquetas","timestamp":"2025-03-21T17:24:07.796Z"}
{"level":"info","message":"Iniciando envio em massa para 1 contatos","timestamp":"2025-03-21T17:24:45.630Z"}
{"level":"info","message":"Broadcast 1742577885630 enfileirado com sucesso. Total: 1 mensagens.","timestamp":"2025-03-21T17:24:45.634Z"}
{"level":"info","message":"[Broadcast 1742577885630] Mensagem enviada para 558597233264@c.us (1/1)","timestamp":"2025-03-21T17:24:45.652Z"}
{"level":"info","message":"Cliente WhatsApp desconectado via API","timestamp":"2025-03-21T17:25:36.158Z"}
{"level":"info","message":"Diretório .wwebjs_auth removido","timestamp":"2025-03-21T17:25:36.159Z"}
{"level":"info","message":"Diretório .wwebjs_cache removido","timestamp":"2025-03-21T17:25:36.160Z"}
{"level":"info","message":"Iniciando pré-inicialização do WhatsApp...","timestamp":"2025-03-21T17:25:37.170Z"}
{"level":"error","message":"Erro ao obter contatos: Protocol error (Runtime.callFunctionOn): Session closed. Most likely the page has been closed.","stack":"Error: Protocol error (Runtime.callFunctionOn): Session closed. Most likely the page has been closed.\n    at CDPSessionImpl.send (C:\\Users\\Mathaus Carvalho\\Documents\\Projetos\\MySender\\node_modules\\puppeteer-core\\lib\\cjs\\puppeteer\\common\\Connection.js:316:35)\n    at ExecutionContext._ExecutionContext_evaluate (C:\\Users\\Mathaus Carvalho\\Documents\\Projetos\\MySender\\node_modules\\puppeteer-core\\lib\\cjs\\puppeteer\\common\\ExecutionContext.js:211:46)\n    at async ExecutionContext.evaluate (C:\\Users\\Mathaus Carvalho\\Documents\\Projetos\\MySender\\node_modules\\puppeteer-core\\lib\\cjs\\puppeteer\\common\\ExecutionContext.js:107:16)","timestamp":"2025-03-21T17:25:37.288Z"}
{"level":"error","message":"Erro ao buscar contatos: Protocol error (Runtime.callFunctionOn): Session closed. Most likely the page has been closed.","stack":"Error: Protocol error (Runtime.callFunctionOn): Session closed. Most likely the page has been closed.\n    at CDPSessionImpl.send (C:\\Users\\Mathaus Carvalho\\Documents\\Projetos\\MySender\\node_modules\\puppeteer-core\\lib\\cjs\\puppeteer\\common\\Connection.js:316:35)\n    at ExecutionContext._ExecutionContext_evaluate (C:\\Users\\Mathaus Carvalho\\Documents\\Projetos\\MySender\\node_modules\\puppeteer-core\\lib\\cjs\\puppeteer\\common\\ExecutionContext.js:211:46)\n    at async ExecutionContext.evaluate (C:\\Users\\Mathaus Carvalho\\Documents\\Projetos\\MySender\\node_modules\\puppeteer-core\\lib\\cjs\\puppeteer\\common\\ExecutionContext.js:107:16)","timestamp":"2025-03-21T17:25:37.289Z"}
{"level":"info","message":"QR Code gerado! Escaneie-o com o WhatsApp do seu telefone.","timestamp":"2025-03-21T17:25:40.309Z"}
